The system is: Darwin - 17.7.0 - x86_64
Compiling the C compiler identification source file "CMakeCCompilerId.c" succeeded.
Compiler: /Library/Developer/CommandLineTools/usr/bin/cc 
Build flags: 
Id flags:  

The output was:
0


Compilation of the C compiler identification source "CMakeCCompilerId.c" produced "a.out"

The C compiler identification is AppleClang, found in "/Users/martinsutovsky/Documents/AG1-Progtest/cmake-build-debug/CMakeFiles/3.12.3/CompilerIdC/a.out"

Determining if the C compiler works passed with the following output:
Change Dir: /Users/martinsutovsky/Documents/AG1-Progtest/cmake-build-debug/CMakeFiles/CMakeTmp

Run Build Command:"/usr/bin/make" "cmTC_87517/fast"
/Library/Developer/CommandLineTools/usr/bin/make -f CMakeFiles/cmTC_87517.dir/build.make CMakeFiles/cmTC_87517.dir/build
Building C object CMakeFiles/cmTC_87517.dir/testCCompiler.c.o
/Library/Developer/CommandLineTools/usr/bin/cc    -o CMakeFiles/cmTC_87517.dir/testCCompiler.c.o   -c /Users/martinsutovsky/Documents/AG1-Progtest/cmake-build-debug/CMakeFiles/CMakeTmp/testCCompiler.c
Linking C executable cmTC_87517
"/Users/martinsutovsky/Library/Application Support/JetBrains/Toolbox/apps/CLion/ch-0/182.4892.24/CLion.app/Contents/bin/cmake/mac/bin/cmake" -E cmake_link_script CMakeFiles/cmTC_87517.dir/link.txt --verbose=1
/Library/Developer/CommandLineTools/usr/bin/cc   -Wl,-search_paths_first -Wl,-headerpad_max_install_names   CMakeFiles/cmTC_87517.dir/testCCompiler.c.o  -o cmTC_87517 


Detecting C compiler ABI info compiled with the following output:
Change Dir: /Users/martinsutovsky/Documents/AG1-Progtest/cmake-build-debug/CMakeFiles/CMakeTmp

Run Build Command:"/usr/bin/make" "cmTC_a13ca/fast"
/Library/Developer/CommandLineTools/usr/bin/make -f CMakeFiles/cmTC_a13ca.dir/build.make CMakeFiles/cmTC_a13ca.dir/build
Building C object CMakeFiles/cmTC_a13ca.dir/CMakeCCompilerABI.c.o
/Library/Developer/CommandLineTools/usr/bin/cc    -o CMakeFiles/cmTC_a13ca.dir/CMakeCCompilerABI.c.o   -c "/Users/martinsutovsky/Library/Application Support/JetBrains/Toolbox/apps/CLion/ch-0/182.4892.24/CLion.app/Contents/bin/cmake/mac/share/cmake-3.12/Modules/CMakeCCompilerABI.c"
Linking C executable cmTC_a13ca
"/Users/martinsutovsky/Library/Application Support/JetBrains/Toolbox/apps/CLion/ch-0/182.4892.24/CLion.app/Contents/bin/cmake/mac/bin/cmake" -E cmake_link_script CMakeFiles/cmTC_a13ca.dir/link.txt --verbose=1
/Library/Developer/CommandLineTools/usr/bin/cc   -Wl,-search_paths_first -Wl,-headerpad_max_install_names  -v -Wl,-v CMakeFiles/cmTC_a13ca.dir/CMakeCCompilerABI.c.o  -o cmTC_a13ca 
Apple LLVM version 10.0.0 (clang-1000.10.44.2)
Target: x86_64-apple-darwin17.7.0
Thread model: posix
InstalledDir: /Library/Developer/CommandLineTools/usr/bin
 "/Library/Developer/CommandLineTools/usr/bin/ld" -demangle -lto_library /Library/Developer/CommandLineTools/usr/lib/libLTO.dylib -dynamic -arch x86_64 -macosx_version_min 10.13.0 -o cmTC_a13ca -search_paths_first -headerpad_max_install_names -v CMakeFiles/cmTC_a13ca.dir/CMakeCCompilerABI.c.o -lSystem /Library/Developer/CommandLineTools/usr/lib/clang/10.0.0/lib/darwin/libclang_rt.osx.a
@(#)PROGRAM:ld  PROJECT:ld64-409.12
BUILD 02:04:28 Aug 14 2018
configured to support archs: armv6 armv7 armv7s arm64 i386 x86_64 x86_64h armv6m armv7k armv7m armv7em
Library search paths:
	/usr/lib
	/usr/local/lib
Framework search paths:
	/Library/Frameworks/
	/System/Library/Frameworks/


Parsed C implicit link information from above output:
  link line regex: [^( *|.*[/\])(ld|CMAKE_LINK_STARTFILE-NOTFOUND|([^/\]+-)?ld|collect2)[^/\]*( |$)]
  ignore line: [Change Dir: /Users/martinsutovsky/Documents/AG1-Progtest/cmake-build-debug/CMakeFiles/CMakeTmp]
  ignore line: []
  ignore line: [Run Build Command:"/usr/bin/make" "cmTC_a13ca/fast"]
  ignore line: [/Library/Developer/CommandLineTools/usr/bin/make -f CMakeFiles/cmTC_a13ca.dir/build.make CMakeFiles/cmTC_a13ca.dir/build]
  ignore line: [Building C object CMakeFiles/cmTC_a13ca.dir/CMakeCCompilerABI.c.o]
  ignore line: [/Library/Developer/CommandLineTools/usr/bin/cc    -o CMakeFiles/cmTC_a13ca.dir/CMakeCCompilerABI.c.o   -c "/Users/martinsutovsky/Library/Application Support/JetBrains/Toolbox/apps/CLion/ch-0/182.4892.24/CLion.app/Contents/bin/cmake/mac/share/cmake-3.12/Modules/CMakeCCompilerABI.c"]
  ignore line: [Linking C executable cmTC_a13ca]
  ignore line: ["/Users/martinsutovsky/Library/Application Support/JetBrains/Toolbox/apps/CLion/ch-0/182.4892.24/CLion.app/Contents/bin/cmake/mac/bin/cmake" -E cmake_link_script CMakeFiles/cmTC_a13ca.dir/link.txt --verbose=1]
  ignore line: [/Library/Developer/CommandLineTools/usr/bin/cc   -Wl,-search_paths_first -Wl,-headerpad_max_install_names  -v -Wl,-v CMakeFiles/cmTC_a13ca.dir/CMakeCCompilerABI.c.o  -o cmTC_a13ca ]
  ignore line: [Apple LLVM version 10.0.0 (clang-1000.10.44.2)]
  ignore line: [Target: x86_64-apple-darwin17.7.0]
  ignore line: [Thread model: posix]
  ignore line: [InstalledDir: /Library/Developer/CommandLineTools/usr/bin]
  link line: [ "/Library/Developer/CommandLineTools/usr/bin/ld" -demangle -lto_library /Library/Developer/CommandLineTools/usr/lib/libLTO.dylib -dynamic -arch x86_64 -macosx_version_min 10.13.0 -o cmTC_a13ca -search_paths_first -headerpad_max_install_names -v CMakeFiles/cmTC_a13ca.dir/CMakeCCompilerABI.c.o -lSystem /Library/Developer/CommandLineTools/usr/lib/clang/10.0.0/lib/darwin/libclang_rt.osx.a]
    arg [/Library/Developer/CommandLineTools/usr/bin/ld] ==> ignore
    arg [-demangle] ==> ignore
    arg [-lto_library] ==> ignore, skip following value
    arg [/Library/Developer/CommandLineTools/usr/lib/libLTO.dylib] ==> skip value of -lto_library
    arg [-dynamic] ==> ignore
    arg [-arch] ==> ignore
    arg [x86_64] ==> ignore
    arg [-macosx_version_min] ==> ignore
    arg [10.13.0] ==> ignore
    arg [-o] ==> ignore
    arg [cmTC_a13ca] ==> ignore
    arg [-search_paths_first] ==> ignore
    arg [-headerpad_max_install_names] ==> ignore
    arg [-v] ==> ignore
    arg [CMakeFiles/cmTC_a13ca.dir/CMakeCCompilerABI.c.o] ==> ignore
    arg [-lSystem] ==> lib [System]
    arg [/Library/Developer/CommandLineTools/usr/lib/clang/10.0.0/lib/darwin/libclang_rt.osx.a] ==> lib [/Library/Developer/CommandLineTools/usr/lib/clang/10.0.0/lib/darwin/libclang_rt.osx.a]
  Library search paths: [;/usr/lib;/usr/local/lib]
  Framework search paths: [;/Library/Frameworks/;/System/Library/Frameworks/]
  remove lib [System]
  remove lib [/Library/Developer/CommandLineTools/usr/lib/clang/10.0.0/lib/darwin/libclang_rt.osx.a]
  collapse library dir [/usr/lib] ==> [/usr/lib]
  collapse library dir [/usr/local/lib] ==> [/usr/local/lib]
  collapse framework dir [/Library/Frameworks/] ==> [/Library/Frameworks]
  collapse framework dir [/System/Library/Frameworks/] ==> [/System/Library/Frameworks]
  implicit libs: []
  implicit dirs: [/usr/lib;/usr/local/lib]
  implicit fwks: [/Library/Frameworks;/System/Library/Frameworks]




Detecting C [-std=c11] compiler features compiled with the following output:
Change Dir: /Users/martinsutovsky/Documents/AG1-Progtest/cmake-build-debug/CMakeFiles/CMakeTmp

Run Build Command:"/usr/bin/make" "cmTC_49847/fast"
/Library/Developer/CommandLineTools/usr/bin/make -f CMakeFiles/cmTC_49847.dir/build.make CMakeFiles/cmTC_49847.dir/build
Building C object CMakeFiles/cmTC_49847.dir/feature_tests.c.o
/Library/Developer/CommandLineTools/usr/bin/cc   -std=c11 -o CMakeFiles/cmTC_49847.dir/feature_tests.c.o   -c /Users/martinsutovsky/Documents/AG1-Progtest/cmake-build-debug/CMakeFiles/feature_tests.c
Linking C executable cmTC_49847
"/Users/martinsutovsky/Library/Application Support/JetBrains/Toolbox/apps/CLion/ch-0/182.4892.24/CLion.app/Contents/bin/cmake/mac/bin/cmake" -E cmake_link_script CMakeFiles/cmTC_49847.dir/link.txt --verbose=1
/Library/Developer/CommandLineTools/usr/bin/cc   -Wl,-search_paths_first -Wl,-headerpad_max_install_names   CMakeFiles/cmTC_49847.dir/feature_tests.c.o  -o cmTC_49847 


    Feature record: C_FEATURE:1c_function_prototypes
    Feature record: C_FEATURE:1c_restrict
    Feature record: C_FEATURE:1c_static_assert
    Feature record: C_FEATURE:1c_variadic_macros


Detecting C [-std=c99] compiler features compiled with the following output:
Change Dir: /Users/martinsutovsky/Documents/AG1-Progtest/cmake-build-debug/CMakeFiles/CMakeTmp

Run Build Command:"/usr/bin/make" "cmTC_9ee38/fast"
/Library/Developer/CommandLineTools/usr/bin/make -f CMakeFiles/cmTC_9ee38.dir/build.make CMakeFiles/cmTC_9ee38.dir/build
Building C object CMakeFiles/cmTC_9ee38.dir/feature_tests.c.o
/Library/Developer/CommandLineTools/usr/bin/cc   -std=c99 -o CMakeFiles/cmTC_9ee38.dir/feature_tests.c.o   -c /Users/martinsutovsky/Documents/AG1-Progtest/cmake-build-debug/CMakeFiles/feature_tests.c
Linking C executable cmTC_9ee38
"/Users/martinsutovsky/Library/Application Support/JetBrains/Toolbox/apps/CLion/ch-0/182.4892.24/CLion.app/Contents/bin/cmake/mac/bin/cmake" -E cmake_link_script CMakeFiles/cmTC_9ee38.dir/link.txt --verbose=1
/Library/Developer/CommandLineTools/usr/bin/cc   -Wl,-search_paths_first -Wl,-headerpad_max_install_names   CMakeFiles/cmTC_9ee38.dir/feature_tests.c.o  -o cmTC_9ee38 


    Feature record: C_FEATURE:1c_function_prototypes
    Feature record: C_FEATURE:1c_restrict
    Feature record: C_FEATURE:0c_static_assert
    Feature record: C_FEATURE:1c_variadic_macros


Detecting C [-std=c90] compiler features compiled with the following output:
Change Dir: /Users/martinsutovsky/Documents/AG1-Progtest/cmake-build-debug/CMakeFiles/CMakeTmp

Run Build Command:"/usr/bin/make" "cmTC_44cc5/fast"
/Library/Developer/CommandLineTools/usr/bin/make -f CMakeFiles/cmTC_44cc5.dir/build.make CMakeFiles/cmTC_44cc5.dir/build
Building C object CMakeFiles/cmTC_44cc5.dir/feature_tests.c.o
/Library/Developer/CommandLineTools/usr/bin/cc   -std=c90 -o CMakeFiles/cmTC_44cc5.dir/feature_tests.c.o   -c /Users/martinsutovsky/Documents/AG1-Progtest/cmake-build-debug/CMakeFiles/feature_tests.c
Linking C executable cmTC_44cc5
"/Users/martinsutovsky/Library/Application Support/JetBrains/Toolbox/apps/CLion/ch-0/182.4892.24/CLion.app/Contents/bin/cmake/mac/bin/cmake" -E cmake_link_script CMakeFiles/cmTC_44cc5.dir/link.txt --verbose=1
/Library/Developer/CommandLineTools/usr/bin/cc   -Wl,-search_paths_first -Wl,-headerpad_max_install_names   CMakeFiles/cmTC_44cc5.dir/feature_tests.c.o  -o cmTC_44cc5 


    Feature record: C_FEATURE:1c_function_prototypes
    Feature record: C_FEATURE:0c_restrict
    Feature record: C_FEATURE:0c_static_assert
    Feature record: C_FEATURE:0c_variadic_macros
